# JRE version: OpenJDK Runtime Environment (8.0_76-b03) (build 1.8.0_76-release-b03)
# Java VM: OpenJDK 64-Bit Server VM (25.76-b03 mixed mode linux-amd64 compressed oops)
Heap:
 PSYoungGen      total 1029632K, used 0K [0x000000076ab00000, 0x00000007bf880000, 0x00000007c0000000)
  eden space 678400K, 0% used [0x000000076ab00000,0x000000076ab00000,0x0000000794180000)
  from space 351232K, 0% used [0x00000007aa180000,0x00000007aa180000,0x00000007bf880000)
  to   space 355840K, 0% used [0x0000000794180000,0x0000000794180000,0x00000007a9d00000)
 ParOldGen       total 1871360K, used 1599689K [0x00000006c0000000, 0x0000000732380000, 0x000000076ab00000)
  object space 1871360K, 85% used [0x00000006c0000000,0x0000000721a32590,0x0000000732380000)
 Metaspace       used 80659K, capacity 83798K, committed 84736K, reserved 1124352K
  class space    used 9761K, capacity 10270K, committed 10496K, reserved 1048576K
GC Heap History (10 events):
Event: 4474.372 GC heap after
Heap after GC invocations=302 (full 30):
 PSYoungGen      total 1036288K, used 223348K [0x000000076ab00000, 0x00000007c0000000, 0x00000007c0000000)
  eden space 697344K, 0% used [0x000000076ab00000,0x000000076ab00000,0x0000000795400000)
  from space 338944K, 65% used [0x00000007ab500000,0x00000007b8f1d390,0x00000007c0000000)
  to   space 350208K, 0% used [0x0000000795400000,0x0000000795400000,0x00000007aaa00000)
 ParOldGen       total 1871360K, used 821051K [0x00000006c0000000, 0x0000000732380000, 0x000000076ab00000)
  object space 1871360K, 43% used [0x00000006c0000000,0x00000006f21cef40,0x0000000732380000)
 Metaspace       used 81379K, capacity 84550K, committed 84736K, reserved 1124352K
  class space    used 9847K, capacity 10374K, committed 10496K, reserved 1048576K
}
Event: 4476.609 GC heap before
{Heap before GC invocations=303 (full 30):
 PSYoungGen      total 1036288K, used 920692K [0x000000076ab00000, 0x00000007c0000000, 0x00000007c0000000)
  eden space 697344K, 100% used [0x000000076ab00000,0x0000000795400000,0x0000000795400000)
  from space 338944K, 65% used [0x00000007ab500000,0x00000007b8f1d390,0x00000007c0000000)
  to   space 350208K, 0% used [0x0000000795400000,0x0000000795400000,0x00000007aaa00000)
 ParOldGen       total 1871360K, used 821078K [0x00000006c0000000, 0x0000000732380000, 0x000000076ab00000)
  object space 1871360K, 43% used [0x00000006c0000000,0x00000006f21d5948,0x0000000732380000)
 Metaspace       used 81379K, capacity 84550K, committed 84736K, reserved 1124352K
  class space    used 9847K, capacity 10374K, committed 10496K, reserved 1048576K
Event: 4477.573 GC heap after
Heap after GC invocations=303 (full 30):
 PSYoungGen      total 916992K, used 219426K [0x000000076ab00000, 0x00000007c0000000, 0x00000007c0000000)
  eden space 697344K, 0% used [0x000000076ab00000,0x000000076ab00000,0x0000000795400000)
  from space 219648K, 99% used [0x0000000795400000,0x00000007a2a48bc0,0x00000007a2a80000)
  to   space 356352K, 0% used [0x00000007aa400000,0x00000007aa400000,0x00000007c0000000)
 ParOldGen       total 1871360K, used 1022492K [0x00000006c0000000, 0x0000000732380000, 0x000000076ab00000)
  object space 1871360K, 54% used [0x00000006c0000000,0x00000006fe687050,0x0000000732380000)
 Metaspace       used 81379K, capacity 84550K, committed 84736K, reserved 1124352K
  class space    used 9847K, capacity 10374K, committed 10496K, reserved 1048576K
}
Event: 4479.670 GC heap before
{Heap before GC invocations=304 (full 30):
 PSYoungGen      total 916992K, used 916770K [0x000000076ab00000, 0x00000007c0000000, 0x00000007c0000000)
  eden space 697344K, 100% used [0x000000076ab00000,0x0000000795400000,0x0000000795400000)
  from space 219648K, 99% used [0x0000000795400000,0x00000007a2a48bc0,0x00000007a2a80000)
  to   space 356352K, 0% used [0x00000007aa400000,0x00000007aa400000,0x00000007c0000000)
 ParOldGen       total 1871360K, used 1022493K [0x00000006c0000000, 0x0000000732380000, 0x000000076ab00000)
  object space 1871360K, 54% used [0x00000006c0000000,0x00000006fe687698,0x0000000732380000)
 Metaspace       used 81379K, capacity 84550K, committed 84736K, reserved 1124352K
  class space    used 9847K, capacity 10374K, committed 10496K, reserved 1048576K
Event: 4480.577 GC heap after
Heap after GC invocations=304 (full 30):
 PSYoungGen      total 1032192K, used 221351K [0x000000076ab00000, 0x00000007c0000000, 0x00000007c0000000)
  eden space 675840K, 0% used [0x000000076ab00000,0x000000076ab00000,0x0000000793f00000)
  from space 356352K, 62% used [0x00000007aa400000,0x00000007b7c29e40,0x00000007c0000000)
  to   space 360960K, 0% used [0x0000000793f00000,0x0000000793f00000,0x00000007a9f80000)
 ParOldGen       total 1871360K, used 1222095K [0x00000006c0000000, 0x0000000732380000, 0x000000076ab00000)
  object space 1871360K, 65% used [0x00000006c0000000,0x000000070a973dd0,0x0000000732380000)
 Metaspace       used 81379K, capacity 84550K, committed 84736K, reserved 1124352K
  class space    used 9847K, capacity 10374K, committed 10496K, reserved 1048576K
}
Event: 4482.498 GC heap before
{Heap before GC invocations=305 (full 30):
 PSYoungGen      total 1032192K, used 897191K [0x000000076ab00000, 0x00000007c0000000, 0x00000007c0000000)
  eden space 675840K, 100% used [0x000000076ab00000,0x0000000793f00000,0x0000000793f00000)
  from space 356352K, 62% used [0x00000007aa400000,0x00000007b7c29e40,0x00000007c0000000)
  to   space 360960K, 0% used [0x0000000793f00000,0x0000000793f00000,0x00000007a9f80000)
 ParOldGen       total 1871360K, used 1222095K [0x00000006c0000000, 0x0000000732380000, 0x000000076ab00000)
  object space 1871360K, 65% used [0x00000006c0000000,0x000000070a973dd0,0x0000000732380000)
 Metaspace       used 81379K, capacity 84550K, committed 84736K, reserved 1124352K
  class space    used 9847K, capacity 10374K, committed 10496K, reserved 1048576K
Event: 4483.623 GC heap after
Heap after GC invocations=305 (full 30):
 PSYoungGen      total 1036800K, used 208769K [0x000000076ab00000, 0x00000007bff80000, 0x00000007c0000000)
  eden space 675840K, 0% used [0x000000076ab00000,0x000000076ab00000,0x0000000793f00000)
  from space 360960K, 57% used [0x0000000793f00000,0x00000007a0ae07e8,0x00000007a9f80000)
  to   space 358400K, 0% used [0x00000007aa180000,0x00000007aa180000,0x00000007bff80000)
 ParOldGen       total 1871360K, used 1423023K [0x00000006c0000000, 0x0000000732380000, 0x000000076ab00000)
  object space 1871360K, 76% used [0x00000006c0000000,0x0000000716dabe10,0x0000000732380000)
 Metaspace       used 81379K, capacity 84550K, committed 84736K, reserved 1124352K
  class space    used 9847K, capacity 10374K, committed 10496K, reserved 1048576K
}
Event: 4485.517 GC heap before
{Heap before GC invocations=306 (full 30):
 PSYoungGen      total 1036800K, used 884609K [0x000000076ab00000, 0x00000007bff80000, 0x00000007c0000000)
  eden space 675840K, 100% used [0x000000076ab00000,0x0000000793f00000,0x0000000793f00000)
  from space 360960K, 57% used [0x0000000793f00000,0x00000007a0ae07e8,0x00000007a9f80000)
  to   space 358400K, 0% used [0x00000007aa180000,0x00000007aa180000,0x00000007bff80000)
 ParOldGen       total 1871360K, used 1423023K [0x00000006c0000000, 0x0000000732380000, 0x000000076ab00000)
  object space 1871360K, 76% used [0x00000006c0000000,0x0000000716dabe28,0x0000000732380000)
 Metaspace       used 81379K, capacity 84550K, committed 84736K, reserved 1124352K
  class space    used 9847K, capacity 10374K, committed 10496K, reserved 1048576K
Event: 4486.524 GC heap after
Heap after GC invocations=306 (full 30):
 PSYoungGen      total 1029632K, used 211404K [0x000000076ab00000, 0x00000007bf880000, 0x00000007c0000000)
  eden space 678400K, 0% used [0x000000076ab00000,0x000000076ab00000,0x0000000794180000)
  from space 351232K, 60% used [0x00000007aa180000,0x00000007b6ff3230,0x00000007bf880000)
  to   space 355840K, 0% used [0x0000000794180000,0x0000000794180000,0x00000007a9d00000)
 ParOldGen       total 1871360K, used 1613779K [0x00000006c0000000, 0x0000000732380000, 0x000000076ab00000)
  object space 1871360K, 86% used [0x00000006c0000000,0x00000007227f4d30,0x0000000732380000)
 Metaspace       used 81379K, capacity 84550K, committed 84736K, reserved 1124352K
  class space    used 9847K, capacity 10374K, committed 10496K, reserved 1048576K
}
Event: 4486.524 GC heap before
{Heap before GC invocations=307 (full 31):
 PSYoungGen      total 1029632K, used 211404K [0x000000076ab00000, 0x00000007bf880000, 0x00000007c0000000)
  eden space 678400K, 0% used [0x000000076ab00000,0x000000076ab00000,0x0000000794180000)
  from space 351232K, 60% used [0x00000007aa180000,0x00000007b6ff3230,0x00000007bf880000)
  to   space 355840K, 0% used [0x0000000794180000,0x0000000794180000,0x00000007a9d00000)
 ParOldGen       total 1871360K, used 1613779K [0x00000006c0000000, 0x0000000732380000, 0x000000076ab00000)
  object space 1871360K, 86% used [0x00000006c0000000,0x00000007227f4d30,0x0000000732380000)
 Metaspace       used 81379K, capacity 84550K, committed 84736K, reserved 1124352K
  class space    used 9847K, capacity 10374K, committed 10496K, reserved 1048576K

