# JRE version: OpenJDK Runtime Environment (8.0_76-b03) (build 1.8.0_76-release-b03)
# Java VM: OpenJDK 64-Bit Server VM (25.76-b03 mixed mode linux-amd64 compressed oops)
Heap:
 PSYoungGen      total 897536K, used 29169K [0x000000076ab00000, 0x00000007c0000000, 0x00000007c0000000)
  eden space 758784K, 0% used [0x000000076ab00000,0x000000076ab00000,0x0000000799000000)
  from space 138752K, 21% used [0x00000007b7880000,0x00000007b94fc740,0x00000007c0000000)
  to   space 319488K, 0% used [0x0000000799000000,0x0000000799000000,0x00000007ac800000)
 ParOldGen       total 685568K, used 685442K [0x00000006c0000000, 0x00000006e9d80000, 0x000000076ab00000)
  object space 685568K, 99% used [0x00000006c0000000,0x00000006e9d608d8,0x00000006e9d80000)
 Metaspace       used 80215K, capacity 83092K, committed 83712K, reserved 1122304K
  class space    used 10203K, capacity 10781K, committed 11008K, reserved 1048576K
GC Heap History (10 events):
Event: 1415.650 GC heap after
Heap after GC invocations=26 (full 7):
 PSYoungGen      total 1238016K, used 30638K [0x000000076ab00000, 0x00000007c0000000, 0x00000007c0000000)
  eden space 1203200K, 0% used [0x000000076ab00000,0x000000076ab00000,0x00000007b4200000)
  from space 34816K, 87% used [0x00000007b4200000,0x00000007b5feb820,0x00000007b6400000)
  to   space 97792K, 0% used [0x00000007ba080000,0x00000007ba080000,0x00000007c0000000)
 ParOldGen       total 350720K, used 217477K [0x00000006c0000000, 0x00000006d5680000, 0x000000076ab00000)
  object space 350720K, 62% used [0x00000006c0000000,0x00000006cd461418,0x00000006d5680000)
 Metaspace       used 79709K, capacity 82580K, committed 83712K, reserved 1122304K
  class space    used 10185K, capacity 10781K, committed 11008K, reserved 1048576K
}
Event: 1426.028 GC heap before
{Heap before GC invocations=27 (full 7):
 PSYoungGen      total 1238016K, used 1233838K [0x000000076ab00000, 0x00000007c0000000, 0x00000007c0000000)
  eden space 1203200K, 100% used [0x000000076ab00000,0x00000007b4200000,0x00000007b4200000)
  from space 34816K, 87% used [0x00000007b4200000,0x00000007b5feb820,0x00000007b6400000)
  to   space 97792K, 0% used [0x00000007ba080000,0x00000007ba080000,0x00000007c0000000)
 ParOldGen       total 350720K, used 217477K [0x00000006c0000000, 0x00000006d5680000, 0x000000076ab00000)
  object space 350720K, 62% used [0x00000006c0000000,0x00000006cd461418,0x00000006d5680000)
 Metaspace       used 79791K, capacity 82644K, committed 83712K, reserved 1122304K
  class space    used 10190K, capacity 10781K, committed 11008K, reserved 1048576K
Event: 1427.904 GC heap after
Heap after GC invocations=27 (full 7):
 PSYoungGen      total 1218048K, used 97776K [0x000000076ab00000, 0x00000007c0000000, 0x00000007c0000000)
  eden space 1120256K, 0% used [0x000000076ab00000,0x000000076ab00000,0x00000007af100000)
  from space 97792K, 99% used [0x00000007ba080000,0x00000007bfffc020,0x00000007c0000000)
  to   space 138752K, 0% used [0x00000007af100000,0x00000007af100000,0x00000007b7880000)
 ParOldGen       total 350720K, used 280463K [0x00000006c0000000, 0x00000006d5680000, 0x000000076ab00000)
  object space 350720K, 79% used [0x00000006c0000000,0x00000006d11e3e90,0x00000006d5680000)
 Metaspace       used 79791K, capacity 82644K, committed 83712K, reserved 1122304K
  class space    used 10190K, capacity 10781K, committed 11008K, reserved 1048576K
}
Event: 1427.904 GC heap before
{Heap before GC invocations=28 (full 8):
 PSYoungGen      total 1218048K, used 97776K [0x000000076ab00000, 0x00000007c0000000, 0x00000007c0000000)
  eden space 1120256K, 0% used [0x000000076ab00000,0x000000076ab00000,0x00000007af100000)
  from space 97792K, 99% used [0x00000007ba080000,0x00000007bfffc020,0x00000007c0000000)
  to   space 138752K, 0% used [0x00000007af100000,0x00000007af100000,0x00000007b7880000)
 ParOldGen       total 350720K, used 280463K [0x00000006c0000000, 0x00000006d5680000, 0x000000076ab00000)
  object space 350720K, 79% used [0x00000006c0000000,0x00000006d11e3e90,0x00000006d5680000)
 Metaspace       used 79791K, capacity 82644K, committed 83712K, reserved 1122304K
  class space    used 10190K, capacity 10781K, committed 11008K, reserved 1048576K
Event: 1430.807 GC heap after
Heap after GC invocations=28 (full 8):
 PSYoungGen      total 1218048K, used 0K [0x000000076ab00000, 0x00000007c0000000, 0x00000007c0000000)
  eden space 1120256K, 0% used [0x000000076ab00000,0x000000076ab00000,0x00000007af100000)
  from space 97792K, 0% used [0x00000007ba080000,0x00000007ba080000,0x00000007c0000000)
  to   space 138752K, 0% used [0x00000007af100000,0x00000007af100000,0x00000007b7880000)
 ParOldGen       total 470528K, used 313740K [0x00000006c0000000, 0x00000006dcb80000, 0x000000076ab00000)
  object space 470528K, 66% used [0x00000006c0000000,0x00000006d32631b8,0x00000006dcb80000)
 Metaspace       used 79791K, capacity 82644K, committed 83712K, reserved 1122304K
  class space    used 10190K, capacity 10781K, committed 11008K, reserved 1048576K
}
Event: 1439.918 GC heap before
{Heap before GC invocations=29 (full 8):
 PSYoungGen      total 1218048K, used 1120256K [0x000000076ab00000, 0x00000007c0000000, 0x00000007c0000000)
  eden space 1120256K, 100% used [0x000000076ab00000,0x00000007af100000,0x00000007af100000)
  from space 97792K, 0% used [0x00000007ba080000,0x00000007ba080000,0x00000007c0000000)
  to   space 138752K, 0% used [0x00000007af100000,0x00000007af100000,0x00000007b7880000)
 ParOldGen       total 470528K, used 313740K [0x00000006c0000000, 0x00000006dcb80000, 0x000000076ab00000)
  object space 470528K, 66% used [0x00000006c0000000,0x00000006d32631b8,0x00000006dcb80000)
 Metaspace       used 80149K, capacity 83028K, committed 83712K, reserved 1122304K
  class space    used 10202K, capacity 10781K, committed 11008K, reserved 1048576K
Event: 1441.007 GC heap after
Heap after GC invocations=29 (full 8):
 PSYoungGen      total 1259008K, used 138749K [0x000000076ab00000, 0x00000007c0000000, 0x00000007c0000000)
  eden space 1120256K, 0% used [0x000000076ab00000,0x000000076ab00000,0x00000007af100000)
  from space 138752K, 99% used [0x00000007af100000,0x00000007b787f798,0x00000007b7880000)
  to   space 138752K, 0% used [0x00000007b7880000,0x00000007b7880000,0x00000007c0000000)
 ParOldGen       total 470528K, used 353736K [0x00000006c0000000, 0x00000006dcb80000, 0x000000076ab00000)
  object space 470528K, 75% used [0x00000006c0000000,0x00000006d59723b8,0x00000006dcb80000)
 Metaspace       used 80149K, capacity 83028K, committed 83712K, reserved 1122304K
  class space    used 10202K, capacity 10781K, committed 11008K, reserved 1048576K
}
Event: 1451.458 GC heap before
{Heap before GC invocations=30 (full 8):
 PSYoungGen      total 1259008K, used 1259005K [0x000000076ab00000, 0x00000007c0000000, 0x00000007c0000000)
  eden space 1120256K, 100% used [0x000000076ab00000,0x00000007af100000,0x00000007af100000)
  from space 138752K, 99% used [0x00000007af100000,0x00000007b787f798,0x00000007b7880000)
  to   space 138752K, 0% used [0x00000007b7880000,0x00000007b7880000,0x00000007c0000000)
 ParOldGen       total 470528K, used 353793K [0x00000006c0000000, 0x00000006dcb80000, 0x000000076ab00000)
  object space 470528K, 75% used [0x00000006c0000000,0x00000006d5980520,0x00000006dcb80000)
 Metaspace       used 80215K, capacity 83092K, committed 83712K, reserved 1122304K
  class space    used 10203K, capacity 10781K, committed 11008K, reserved 1048576K
Event: 1453.170 GC heap after
Heap after GC invocations=30 (full 8):
 PSYoungGen      total 897536K, used 138752K [0x000000076ab00000, 0x00000007c0000000, 0x00000007c0000000)
  eden space 758784K, 0% used [0x000000076ab00000,0x000000076ab00000,0x0000000799000000)
  from space 138752K, 100% used [0x00000007b7880000,0x00000007c0000000,0x00000007c0000000)
  to   space 319488K, 0% used [0x0000000799000000,0x0000000799000000,0x00000007ac800000)
 ParOldGen       total 685568K, used 685074K [0x00000006c0000000, 0x00000006e9d80000, 0x000000076ab00000)
  object space 685568K, 99% used [0x00000006c0000000,0x00000006e9d04898,0x00000006e9d80000)
 Metaspace       used 80215K, capacity 83092K, committed 83712K, reserved 1122304K
  class space    used 10203K, capacity 10781K, committed 11008K, reserved 1048576K
}
Event: 1453.204 GC heap before
{Heap before GC invocations=31 (full 9):
 PSYoungGen      total 897536K, used 138752K [0x000000076ab00000, 0x00000007c0000000, 0x00000007c0000000)
  eden space 758784K, 0% used [0x000000076ab00000,0x000000076ab00000,0x0000000799000000)
  from space 138752K, 100% used [0x00000007b7880000,0x00000007c0000000,0x00000007c0000000)
  to   space 319488K, 0% used [0x0000000799000000,0x0000000799000000,0x00000007ac800000)
 ParOldGen       total 685568K, used 685074K [0x00000006c0000000, 0x00000006e9d80000, 0x000000076ab00000)
  object space 685568K, 99% used [0x00000006c0000000,0x00000006e9d04898,0x00000006e9d80000)
 Metaspace       used 80215K, capacity 83092K, committed 83712K, reserved 1122304K
  class space    used 10203K, capacity 10781K, committed 11008K, reserved 1048576K

