# JRE version: OpenJDK Runtime Environment (8.0_112-b06) (build 1.8.0_112-release-b06)
# Java VM: OpenJDK 64-Bit Server VM (25.112-b06 mixed mode linux-amd64 compressed oops)
Heap:
 PSYoungGen      total 945152K, used 157184K [0x00000006c0000000, 0x0000000703480000, 0x00000007c0000000)
  eden space 787968K, 0% used [0x00000006c0000000,0x00000006c0000000,0x00000006f0180000)
  from space 157184K, 100% used [0x00000006f0180000,0x00000006f9b00000,0x00000006f9b00000)
  to   space 124928K, 0% used [0x00000006faa00000,0x00000006faa00000,0x0000000702400000)
 ParOldGen       total 482304K, used 482287K [0x00000004c0000000, 0x00000004dd700000, 0x00000006c0000000)
  object space 482304K, 99% used [0x00000004c0000000,0x00000004dd6fbe30,0x00000004dd700000)
 Metaspace       used 22763K, capacity 22930K, committed 24576K, reserved 1071104K
  class space    used 2564K, capacity 2608K, committed 2816K, reserved 1048576K
GC Heap History (10 events):
Event: 4.582 GC heap after
Heap after GC invocations=8 (full 1):
 PSYoungGen      total 557056K, used 55424K [0x00000006c0000000, 0x00000006ecd80000, 0x00000007c0000000)
  eden space 499200K, 0% used [0x00000006c0000000,0x00000006c0000000,0x00000006de780000)
  from space 57856K, 95% used [0x00000006de780000,0x00000006e1da00c0,0x00000006e2000000)
  to   space 65024K, 0% used [0x00000006e8e00000,0x00000006e8e00000,0x00000006ecd80000)
 ParOldGen       total 243200K, used 101958K [0x00000004c0000000, 0x00000004ced80000, 0x00000006c0000000)
  object space 243200K, 41% used [0x00000004c0000000,0x00000004c6391a28,0x00000004ced80000)
 Metaspace       used 23636K, capacity 23910K, committed 24064K, reserved 1071104K
  class space    used 2733K, capacity 2808K, committed 2816K, reserved 1048576K
}
Event: 4.836 GC heap before
{Heap before GC invocations=9 (full 1):
 PSYoungGen      total 557056K, used 554624K [0x00000006c0000000, 0x00000006ecd80000, 0x00000007c0000000)
  eden space 499200K, 100% used [0x00000006c0000000,0x00000006de780000,0x00000006de780000)
  from space 57856K, 95% used [0x00000006de780000,0x00000006e1da00c0,0x00000006e2000000)
  to   space 65024K, 0% used [0x00000006e8e00000,0x00000006e8e00000,0x00000006ecd80000)
 ParOldGen       total 243200K, used 101973K [0x00000004c0000000, 0x00000004ced80000, 0x00000006c0000000)
  object space 243200K, 41% used [0x00000004c0000000,0x00000004c63957c8,0x00000004ced80000)
 Metaspace       used 23655K, capacity 23910K, committed 24064K, reserved 1071104K
  class space    used 2733K, capacity 2808K, committed 2816K, reserved 1048576K
Event: 4.975 GC heap after
Heap after GC invocations=9 (full 1):
 PSYoungGen      total 645120K, used 65002K [0x00000006c0000000, 0x00000006ff000000, 0x00000007c0000000)
  eden space 580096K, 0% used [0x00000006c0000000,0x00000006c0000000,0x00000006e3680000)
  from space 65024K, 99% used [0x00000006e8e00000,0x00000006ecd7a868,0x00000006ecd80000)
  to   space 89600K, 0% used [0x00000006e3680000,0x00000006e3680000,0x00000006e8e00000)
 ParOldGen       total 243200K, used 138111K [0x00000004c0000000, 0x00000004ced80000, 0x00000006c0000000)
  object space 243200K, 56% used [0x00000004c0000000,0x00000004c86dfdf0,0x00000004ced80000)
 Metaspace       used 23655K, capacity 23910K, committed 24064K, reserved 1071104K
  class space    used 2733K, capacity 2808K, committed 2816K, reserved 1048576K
}
Event: 5.478 GC heap before
{Heap before GC invocations=10 (full 1):
 PSYoungGen      total 645120K, used 645098K [0x00000006c0000000, 0x00000006ff000000, 0x00000007c0000000)
  eden space 580096K, 100% used [0x00000006c0000000,0x00000006e3680000,0x00000006e3680000)
  from space 65024K, 99% used [0x00000006e8e00000,0x00000006ecd7a868,0x00000006ecd80000)
  to   space 89600K, 0% used [0x00000006e3680000,0x00000006e3680000,0x00000006e8e00000)
 ParOldGen       total 243200K, used 138113K [0x00000004c0000000, 0x00000004ced80000, 0x00000006c0000000)
  object space 243200K, 56% used [0x00000004c0000000,0x00000004c86e0478,0x00000004ced80000)
 Metaspace       used 23969K, capacity 24230K, committed 24576K, reserved 1071104K
  class space    used 2747K, capacity 2808K, committed 2816K, reserved 1048576K
Event: 5.632 GC heap after
Heap after GC invocations=10 (full 1):
 PSYoungGen      total 669696K, used 89568K [0x00000006c0000000, 0x0000000702400000, 0x00000007c0000000)
  eden space 580096K, 0% used [0x00000006c0000000,0x00000006c0000000,0x00000006e3680000)
  from space 89600K, 99% used [0x00000006e3680000,0x00000006e8df8020,0x00000006e8e00000)
  to   space 124928K, 0% used [0x00000006faa00000,0x00000006faa00000,0x0000000702400000)
 ParOldGen       total 243200K, used 192846K [0x00000004c0000000, 0x00000004ced80000, 0x00000006c0000000)
  object space 243200K, 79% used [0x00000004c0000000,0x00000004cbc53a58,0x00000004ced80000)
 Metaspace       used 23969K, capacity 24230K, committed 24576K, reserved 1071104K
  class space    used 2747K, capacity 2808K, committed 2816K, reserved 1048576K
}
Event: 5.632 GC heap before
{Heap before GC invocations=11 (full 2):
 PSYoungGen      total 669696K, used 89568K [0x00000006c0000000, 0x0000000702400000, 0x00000007c0000000)
  eden space 580096K, 0% used [0x00000006c0000000,0x00000006c0000000,0x00000006e3680000)
  from space 89600K, 99% used [0x00000006e3680000,0x00000006e8df8020,0x00000006e8e00000)
  to   space 124928K, 0% used [0x00000006faa00000,0x00000006faa00000,0x0000000702400000)
 ParOldGen       total 243200K, used 192846K [0x00000004c0000000, 0x00000004ced80000, 0x00000006c0000000)
  object space 243200K, 79% used [0x00000004c0000000,0x00000004cbc53a58,0x00000004ced80000)
 Metaspace       used 23969K, capacity 24230K, committed 24576K, reserved 1071104K
  class space    used 2747K, capacity 2808K, committed 2816K, reserved 1048576K
Event: 6.082 GC heap after
Heap after GC invocations=11 (full 2):
 PSYoungGen      total 669696K, used 0K [0x00000006c0000000, 0x0000000702400000, 0x00000007c0000000)
  eden space 580096K, 0% used [0x00000006c0000000,0x00000006c0000000,0x00000006e3680000)
  from space 89600K, 0% used [0x00000006e3680000,0x00000006e3680000,0x00000006e8e00000)
  to   space 124928K, 0% used [0x00000006faa00000,0x00000006faa00000,0x0000000702400000)
 ParOldGen       total 436736K, used 239588K [0x00000004c0000000, 0x00000004daa80000, 0x00000006c0000000)
  object space 436736K, 54% used [0x00000004c0000000,0x00000004ce9f9330,0x00000004daa80000)
 Metaspace       used 22595K, capacity 22802K, committed 24576K, reserved 1071104K
  class space    used 2564K, capacity 2608K, committed 2816K, reserved 1048576K
}
Event: 6.819 GC heap before
{Heap before GC invocations=12 (full 2):
 PSYoungGen      total 669696K, used 580096K [0x00000006c0000000, 0x0000000702400000, 0x00000007c0000000)
  eden space 580096K, 100% used [0x00000006c0000000,0x00000006e3680000,0x00000006e3680000)
  from space 89600K, 0% used [0x00000006e3680000,0x00000006e3680000,0x00000006e8e00000)
  to   space 124928K, 0% used [0x00000006faa00000,0x00000006faa00000,0x0000000702400000)
 ParOldGen       total 436736K, used 239590K [0x00000004c0000000, 0x00000004daa80000, 0x00000006c0000000)
  object space 436736K, 54% used [0x00000004c0000000,0x00000004ce9f9ab0,0x00000004daa80000)
 Metaspace       used 22729K, capacity 22930K, committed 24576K, reserved 1071104K
  class space    used 2564K, capacity 2608K, committed 2816K, reserved 1048576K
Event: 7.001 GC heap after
Heap after GC invocations=12 (full 2):
 PSYoungGen      total 912896K, used 124901K [0x00000006c0000000, 0x0000000703480000, 0x00000007c0000000)
  eden space 787968K, 0% used [0x00000006c0000000,0x00000006c0000000,0x00000006f0180000)
  from space 124928K, 99% used [0x00000006faa00000,0x00000007023f97f8,0x0000000702400000)
  to   space 157184K, 0% used [0x00000006f0180000,0x00000006f0180000,0x00000006f9b00000)
 ParOldGen       total 436736K, used 276150K [0x00000004c0000000, 0x00000004daa80000, 0x00000006c0000000)
  object space 436736K, 63% used [0x00000004c0000000,0x00000004d0dad810,0x00000004daa80000)
 Metaspace       used 22729K, capacity 22930K, committed 24576K, reserved 1071104K
  class space    used 2564K, capacity 2608K, committed 2816K, reserved 1048576K
}
Event: 7.690 GC heap before
{Heap before GC invocations=13 (full 2):
 PSYoungGen      total 912896K, used 912869K [0x00000006c0000000, 0x0000000703480000, 0x00000007c0000000)
  eden space 787968K, 100% used [0x00000006c0000000,0x00000006f0180000,0x00000006f0180000)
  from space 124928K, 99% used [0x00000006faa00000,0x00000007023f97f8,0x0000000702400000)
  to   space 157184K, 0% used [0x00000006f0180000,0x00000006f0180000,0x00000006f9b00000)
 ParOldGen       total 436736K, used 276152K [0x00000004c0000000, 0x00000004daa80000, 0x00000006c0000000)
  object space 436736K, 63% used [0x00000004c0000000,0x00000004d0dae068,0x00000004daa80000)
 Metaspace       used 22763K, capacity 22930K, committed 24576K, reserved 1071104K
  class space    used 2564K, capacity 2608K, committed 2816K, reserved 1048576K

